# JRE version: Java(TM) SE Runtime Environment (8.0_91-b14) (build 1.8.0_91-b14)
# Java VM: Java HotSpot(TM) 64-Bit Server VM (25.91-b14 mixed mode linux-amd64 compressed oops)
Heap:
 PSYoungGen      total 136192K, used 7512K [0x00000000d6d80000, 0x00000000e0580000, 0x0000000100000000)
  eden space 121856K, 0% used [0x00000000d6d80000,0x00000000d6d80000,0x00000000de480000)
  from space 14336K, 52% used [0x00000000de480000,0x00000000debd62b8,0x00000000df280000)
  to   space 9216K, 0% used [0x00000000df280000,0x00000000df280000,0x00000000dfb80000)
 ParOldGen       total 84992K, used 16824K [0x0000000084800000, 0x0000000089b00000, 0x00000000d6d80000)
  object space 84992K, 19% used [0x0000000084800000,0x000000008586e358,0x0000000089b00000)
 Metaspace       used 20547K, capacity 21090K, committed 21296K, reserved 1069056K
  class space    used 2412K, capacity 2571K, committed 2688K, reserved 1048576K
GC Heap History (10 events):
Event: 4,046 GC heap after
Heap after GC invocations=2 (full 0):
 PSYoungGen      total 36864K, used 5098K [0x00000000d6d80000, 0x00000000d9680000, 0x0000000100000000)
  eden space 31744K, 0% used [0x00000000d6d80000,0x00000000d6d80000,0x00000000d8c80000)
  from space 5120K, 99% used [0x00000000d9180000,0x00000000d967aa38,0x00000000d9680000)
  to   space 5120K, 0% used [0x00000000d8c80000,0x00000000d8c80000,0x00000000d9180000)
 ParOldGen       total 84992K, used 1740K [0x0000000084800000, 0x0000000089b00000, 0x00000000d6d80000)
  object space 84992K, 2% used [0x0000000084800000,0x00000000849b3308,0x0000000089b00000)
 Metaspace       used 12899K, capacity 13200K, committed 13568K, reserved 1060864K
  class space    used 1588K, capacity 1691K, committed 1792K, reserved 1048576K
}
Event: 4,957 GC heap before
{Heap before GC invocations=3 (full 0):
 PSYoungGen      total 36864K, used 36842K [0x00000000d6d80000, 0x00000000d9680000, 0x0000000100000000)
  eden space 31744K, 100% used [0x00000000d6d80000,0x00000000d8c80000,0x00000000d8c80000)
  from space 5120K, 99% used [0x00000000d9180000,0x00000000d967aa38,0x00000000d9680000)
  to   space 5120K, 0% used [0x00000000d8c80000,0x00000000d8c80000,0x00000000d9180000)
 ParOldGen       total 84992K, used 1740K [0x0000000084800000, 0x0000000089b00000, 0x00000000d6d80000)
  object space 84992K, 2% used [0x0000000084800000,0x00000000849b3308,0x0000000089b00000)
 Metaspace       used 13589K, capacity 13952K, committed 14080K, reserved 1060864K
  class space    used 1652K, capacity 1766K, committed 1792K, reserved 1048576K
Event: 4,976 GC heap after
Heap after GC invocations=3 (full 0):
 PSYoungGen      total 36864K, used 5104K [0x00000000d6d80000, 0x00000000db580000, 0x0000000100000000)
  eden space 31744K, 0% used [0x00000000d6d80000,0x00000000d6d80000,0x00000000d8c80000)
  from space 5120K, 99% used [0x00000000d8c80000,0x00000000d917c030,0x00000000d9180000)
  to   space 5120K, 0% used [0x00000000db080000,0x00000000db080000,0x00000000db580000)
 ParOldGen       total 84992K, used 2867K [0x0000000084800000, 0x0000000089b00000, 0x00000000d6d80000)
  object space 84992K, 3% used [0x0000000084800000,0x0000000084accea8,0x0000000089b00000)
 Metaspace       used 13589K, capacity 13952K, committed 14080K, reserved 1060864K
  class space    used 1652K, capacity 1766K, committed 1792K, reserved 1048576K
}
Event: 5,724 GC heap before
{Heap before GC invocations=4 (full 0):
 PSYoungGen      total 36864K, used 36848K [0x00000000d6d80000, 0x00000000db580000, 0x0000000100000000)
  eden space 31744K, 100% used [0x00000000d6d80000,0x00000000d8c80000,0x00000000d8c80000)
  from space 5120K, 99% used [0x00000000d8c80000,0x00000000d917c030,0x00000000d9180000)
  to   space 5120K, 0% used [0x00000000db080000,0x00000000db080000,0x00000000db580000)
 ParOldGen       total 84992K, used 2867K [0x0000000084800000, 0x0000000089b00000, 0x00000000d6d80000)
  object space 84992K, 3% used [0x0000000084800000,0x0000000084accea8,0x0000000089b00000)
 Metaspace       used 14014K, capacity 14382K, committed 14720K, reserved 1062912K
  class space    used 1689K, capacity 1803K, committed 1920K, reserved 1048576K
Event: 5,747 GC heap after
Heap after GC invocations=4 (full 0):
 PSYoungGen      total 68608K, used 5104K [0x00000000d6d80000, 0x00000000db580000, 0x0000000100000000)
  eden space 63488K, 0% used [0x00000000d6d80000,0x00000000d6d80000,0x00000000dab80000)
  from space 5120K, 99% used [0x00000000db080000,0x00000000db57c010,0x00000000db580000)
  to   space 5120K, 0% used [0x00000000dab80000,0x00000000dab80000,0x00000000db080000)
 ParOldGen       total 84992K, used 4324K [0x0000000084800000, 0x0000000089b00000, 0x00000000d6d80000)
  object space 84992K, 5% used [0x0000000084800000,0x0000000084c39148,0x0000000089b00000)
 Metaspace       used 14014K, capacity 14382K, committed 14720K, reserved 1062912K
  class space    used 1689K, capacity 1803K, committed 1920K, reserved 1048576K
}
Event: 7,146 GC heap before
{Heap before GC invocations=5 (full 0):
 PSYoungGen      total 68608K, used 68592K [0x00000000d6d80000, 0x00000000db580000, 0x0000000100000000)
  eden space 63488K, 100% used [0x00000000d6d80000,0x00000000dab80000,0x00000000dab80000)
  from space 5120K, 99% used [0x00000000db080000,0x00000000db57c010,0x00000000db580000)
  to   space 5120K, 0% used [0x00000000dab80000,0x00000000dab80000,0x00000000db080000)
 ParOldGen       total 84992K, used 4324K [0x0000000084800000, 0x0000000089b00000, 0x00000000d6d80000)
  object space 84992K, 5% used [0x0000000084800000,0x0000000084c39148,0x0000000089b00000)
 Metaspace       used 15031K, capacity 15550K, committed 15744K, reserved 1062912K
  class space    used 1771K, capacity 1915K, committed 1920K, reserved 1048576K
Event: 7,175 GC heap after
Heap after GC invocations=5 (full 0):
 PSYoungGen      total 68608K, used 5104K [0x00000000d6d80000, 0x00000000dfb80000, 0x0000000100000000)
  eden space 63488K, 0% used [0x00000000d6d80000,0x00000000d6d80000,0x00000000dab80000)
  from space 5120K, 99% used [0x00000000dab80000,0x00000000db07c030,0x00000000db080000)
  to   space 9216K, 0% used [0x00000000df280000,0x00000000df280000,0x00000000dfb80000)
 ParOldGen       total 84992K, used 7818K [0x0000000084800000, 0x0000000089b00000, 0x00000000d6d80000)
  object space 84992K, 9% used [0x0000000084800000,0x0000000084fa2a08,0x0000000089b00000)
 Metaspace       used 15031K, capacity 15550K, committed 15744K, reserved 1062912K
  class space    used 1771K, capacity 1915K, committed 1920K, reserved 1048576K
}
Event: 16,224 GC heap before
{Heap before GC invocations=6 (full 0):
 PSYoungGen      total 68608K, used 68592K [0x00000000d6d80000, 0x00000000dfb80000, 0x0000000100000000)
  eden space 63488K, 100% used [0x00000000d6d80000,0x00000000dab80000,0x00000000dab80000)
  from space 5120K, 99% used [0x00000000dab80000,0x00000000db07c030,0x00000000db080000)
  to   space 9216K, 0% used [0x00000000df280000,0x00000000df280000,0x00000000dfb80000)
 ParOldGen       total 84992K, used 7818K [0x0000000084800000, 0x0000000089b00000, 0x00000000d6d80000)
  object space 84992K, 9% used [0x0000000084800000,0x0000000084fa2a08,0x0000000089b00000)
 Metaspace       used 20398K, capacity 20962K, committed 21120K, reserved 1067008K
  class space    used 2410K, capacity 2571K, committed 2688K, reserved 1048576K
Event: 16,263 GC heap after
Heap after GC invocations=6 (full 0):
 PSYoungGen      total 131072K, used 9208K [0x00000000d6d80000, 0x00000000e0580000, 0x0000000100000000)
  eden space 121856K, 0% used [0x00000000d6d80000,0x00000000d6d80000,0x00000000de480000)
  from space 9216K, 99% used [0x00000000df280000,0x00000000dfb7e2b8,0x00000000dfb80000)
  to   space 14336K, 0% used [0x00000000de480000,0x00000000de480000,0x00000000df280000)
 ParOldGen       total 84992K, used 14958K [0x0000000084800000, 0x0000000089b00000, 0x00000000d6d80000)
  object space 84992K, 17% used [0x0000000084800000,0x000000008569bab8,0x0000000089b00000)
 Metaspace       used 20398K, capacity 20962K, committed 21120K, reserved 1067008K
  class space    used 2410K, capacity 2571K, committed 2688K, reserved 1048576K
}
Event: 16,444 GC heap before
{Heap before GC invocations=7 (full 0):
 PSYoungGen      total 131072K, used 11768K [0x00000000d6d80000, 0x00000000e0580000, 0x0000000100000000)
  eden space 121856K, 2% used [0x00000000d6d80000,0x00000000d7000128,0x00000000de480000)
  from space 9216K, 99% used [0x00000000df280000,0x00000000dfb7e2b8,0x00000000dfb80000)
  to   space 14336K, 0% used [0x00000000de480000,0x00000000de480000,0x00000000df280000)
 ParOldGen       total 84992K, used 14958K [0x0000000084800000, 0x0000000089b00000, 0x00000000d6d80000)
  object space 84992K, 17% used [0x0000000084800000,0x000000008569bab8,0x0000000089b00000)
 Metaspace       used 20547K, capacity 21090K, committed 21296K, reserved 1069056K
  class space    used 2412K, capacity 2571K, committed 2688K, reserved 1048576K

